app/build/outputs/logs/manifest-merger-debug-report.txt
-- Merging decision tree log ---
manifest
ADDED from src\main\AndroidManifest.xml:22:1-146:12
INJECTED from src\main\AndroidManifest.xml:22:1-146:12
INJECTED from src\main\AndroidManifest.xml:22:1-146:12
	package
		ADDED from src\main\AndroidManifest.xml:24:5-42
		INJECTED from src\main\AndroidManifest.xml
		INJECTED from src\main\AndroidManifest.xml
	xmlns:tools
		ADDED from src\main\AndroidManifest.xml:23:5-51
	xmlns:android
		ADDED from src\main\AndroidManifest.xml:22:11-69
uses-permission#android.permission.MOUNT_UNMOUNT_FILESYSTEMS
ADDED from src\main\AndroidManifest.xml:27:5-28:67
	tools:ignore
		ADDED from src\main\AndroidManifest.xml:28:9-64
	android:name
		ADDED from src\main\AndroidManifest.xml:27:22-81
uses-permission#android.permission.WRITE_EXTERNAL_STORAGE
ADDED from src\main\AndroidManifest.xml:30:5-31:46
	tools:ignore
		ADDED from src\main\AndroidManifest.xml:31:9-43
	android:name
		ADDED from src\main\AndroidManifest.xml:30:22-78
application
ADDED from src\main\AndroidManifest.xml:33:5-144:19
	android:label
		ADDED from src\main\AndroidManifest.xml:34:9-41
	android:icon
		ADDED from src\main\AndroidManifest.xml:33:18-52
provider#com.example.android.notepad.NotePadProvider
ADDED from src\main\AndroidManifest.xml:36:9-40:20
	android:authorities
		ADDED from src\main\AndroidManifest.xml:37:13-62
	android:exported
		ADDED from src\main\AndroidManifest.xml:38:13-37
	android:name
		ADDED from src\main\AndroidManifest.xml:36:19-49
grant-uri-permission
ADDED from src\main\AndroidManifest.xml:39:13-62
	android:pathPattern
		ADDED from src\main\AndroidManifest.xml:39:35-59
activity#com.example.android.notepad.NotesList
ADDED from src\main\AndroidManifest.xml:42:9-59:20
	android:label
		ADDED from src\main\AndroidManifest.xml:42:44-84
	android:theme
		ADDED from src\main\AndroidManifest.xml:42:85-132
	android:name
		ADDED from src\main\AndroidManifest.xml:42:19-43
intent-filter#action:name:android.intent.action.MAIN+category:name:android.intent.category.LAUNCHER
ADDED from src\main\AndroidManifest.xml:43:13-46:29
action#android.intent.action.MAIN
ADDED from src\main\AndroidManifest.xml:44:17-69
	android:name
		ADDED from src\main\AndroidManifest.xml:44:25-66
category#android.intent.category.LAUNCHER
ADDED from src\main\AndroidManifest.xml:45:17-77
	android:name
		ADDED from src\main\AndroidManifest.xml:45:27-74
intent-filter#action:name:android.intent.action.EDIT+action:name:android.intent.action.PICK+action:name:android.intent.action.VIEW+category:name:android.intent.category.DEFAULT+data:mimeType:vnd.android.cursor.dir/vnd.google.note
ADDED from src\main\AndroidManifest.xml:47:13-53:29
action#android.intent.action.VIEW
ADDED from src\main\AndroidManifest.xml:48:17-69
	android:name
		ADDED from src\main\AndroidManifest.xml:48:25-66
action#android.intent.action.EDIT
ADDED from src\main\AndroidManifest.xml:49:17-69
	android:name
		ADDED from src\main\AndroidManifest.xml:49:25-66
action#android.intent.action.PICK
ADDED from src\main\AndroidManifest.xml:50:17-69
	android:name
		ADDED from src\main\AndroidManifest.xml:50:25-66
category#android.intent.category.DEFAULT
ADDED from src\main\AndroidManifest.xml:51:17-76
	android:name
		ADDED from src\main\AndroidManifest.xml:51:27-73
data
ADDED from src\main\AndroidManifest.xml:52:17-83
	android:mimeType
		ADDED from src\main\AndroidManifest.xml:52:23-80
intent-filter#action:name:android.intent.action.GET_CONTENT+category:name:android.intent.category.DEFAULT+data:mimeType:vnd.android.cursor.item/vnd.google.note
ADDED from src\main\AndroidManifest.xml:54:13-58:29
action#android.intent.action.GET_CONTENT
ADDED from src\main\AndroidManifest.xml:55:17-76
	android:name
		ADDED from src\main\AndroidManifest.xml:55:25-73
activity#com.example.android.notepad.NoteEditor
ADDED from src\main\AndroidManifest.xml:61:9-87:20
	android:screenOrientation
		ADDED from src\main\AndroidManifest.xml:63:13-47
	android:configChanges
		ADDED from src\main\AndroidManifest.xml:64:13-63
	android:theme
		ADDED from src\main\AndroidManifest.xml:62:13-60
	android:name
		ADDED from src\main\AndroidManifest.xml:61:19-44
intent-filter#action:name:android.intent.action.EDIT+action:name:android.intent.action.VIEW+action:name:com.android.notepad.action.EDIT_NOTE+category:name:android.intent.category.DEFAULT+data:mimeType:vnd.android.cursor.item/vnd.google.note
ADDED from src\main\AndroidManifest.xml:68:13-74:29
	android:label
		ADDED from src\main\AndroidManifest.xml:68:28-64
action#com.android.notepad.action.EDIT_NOTE
ADDED from src\main\AndroidManifest.xml:71:17-79
	android:name
		ADDED from src\main\AndroidManifest.xml:71:25-76
intent-filter#action:name:android.intent.action.INSERT+action:name:android.intent.action.PASTE+category:name:android.intent.category.DEFAULT+data:mimeType:vnd.android.cursor.dir/vnd.google.note
ADDED from src\main\AndroidManifest.xml:80:13-85:29
action#android.intent.action.INSERT
ADDED from src\main\AndroidManifest.xml:81:17-71
	android:name
		ADDED from src\main\AndroidManifest.xml:81:25-68
action#android.intent.action.PASTE
ADDED from src\main\AndroidManifest.xml:82:17-70
	android:name
		ADDED from src\main\AndroidManifest.xml:82:25-67
activity#com.example.android.notepad.TitleEditor
ADDED from src\main\AndroidManifest.xml:89:9-114:20
	android:label
		ADDED from src\main\AndroidManifest.xml:90:13-53
	android:windowSoftInputMode
		ADDED from src\main\AndroidManifest.xml:93:13-55
	android:icon
		ADDED from src\main\AndroidManifest.xml:91:13-50
	android:theme
		ADDED from src\main\AndroidManifest.xml:92:13-61
	android:name
		ADDED from src\main\AndroidManifest.xml:89:19-45
intent-filter#action:name:com.android.notepad.action.EDIT_TITLE+category:name:android.intent.category.ALTERNATIVE+category:name:android.intent.category.DEFAULT+category:name:android.intent.category.SELECTED_ALTERNATIVE+data:mimeType:vnd.android.cursor.item/vnd.google.note
ADDED from src\main\AndroidManifest.xml:98:13-113:29
	android:label
		ADDED from src\main\AndroidManifest.xml:98:28-65
action#com.android.notepad.action.EDIT_TITLE
ADDED from src\main\AndroidManifest.xml:102:17-80
	android:name
		ADDED from src\main\AndroidManifest.xml:102:25-77
category#android.intent.category.ALTERNATIVE
ADDED from src\main\AndroidManifest.xml:107:17-80
	android:name
		ADDED from src\main\AndroidManifest.xml:107:27-77
category#android.intent.category.SELECTED_ALTERNATIVE
ADDED from src\main\AndroidManifest.xml:110:17-89
	android:name
		ADDED from src\main\AndroidManifest.xml:110:27-86
activity#com.example.android.notepad.NotesLiveFolder
ADDED from src\main\AndroidManifest.xml:116:9-122:20
	android:label
		ADDED from src\main\AndroidManifest.xml:116:50-90
	android:icon
		ADDED from src\main\AndroidManifest.xml:117:13-55
	android:name
		ADDED from src\main\AndroidManifest.xml:116:19-49
intent-filter#action:name:android.intent.action.CREATE_LIVE_FOLDER+category:name:android.intent.category.DEFAULT
ADDED from src\main\AndroidManifest.xml:118:13-121:29
action#android.intent.action.CREATE_LIVE_FOLDER
ADDED from src\main\AndroidManifest.xml:119:17-83
	android:name
		ADDED from src\main\AndroidManifest.xml:119:25-80
activity#com.example.android.notepad.NoteSearch
ADDED from src\main\AndroidManifest.xml:125:9-129:20
	android:label
		ADDED from src\main\AndroidManifest.xml:127:13-55
	android:theme
		ADDED from src\main\AndroidManifest.xml:128:13-60
	android:name
		ADDED from src\main\AndroidManifest.xml:126:13-38
activity#com.example.android.notepad.NoteColor
ADDED from src\main\AndroidManifest.xml:132:9-135:57
	android:label
		ADDED from src\main\AndroidManifest.xml:134:13-40
	android:windowSoftInputMode
		ADDED from src\main\AndroidManifest.xml:135:13-55
	android:theme
		ADDED from src\main\AndroidManifest.xml:133:13-67
	android:name
		ADDED from src\main\AndroidManifest.xml:132:19-43
activity#com.example.android.notepad.OutputText
ADDED from src\main\AndroidManifest.xml:138:9-142:20
	android:label
		ADDED from src\main\AndroidManifest.xml:139:13-48
	android:windowSoftInputMode
		ADDED from src\main\AndroidManifest.xml:141:13-55
	android:theme
		ADDED from src\main\AndroidManifest.xml:140:13-61
	android:name
		ADDED from src\main\AndroidManifest.xml:138:19-44
uses-sdk
INJECTED from src\main\AndroidManifest.xml reason: use-sdk injection requested
INJECTED from src\main\AndroidManifest.xml
INJECTED from src\main\AndroidManifest.xml
INJECTED from src\main\AndroidManifest.xml
INJECTED from src\main\AndroidManifest.xml
	android:targetSdkVersion
		INJECTED from src\main\AndroidManifest.xml
		ADDED from src\main\AndroidManifest.xml
		INJECTED from src\main\AndroidManifest.xml
	android:minSdkVersion
		INJECTED from src\main\AndroidManifest.xml
		ADDED from src\main\AndroidManifest.xml
		INJECTED from src\main\AndroidManifest.xml